src/renderer/AppModals.tsx(2,10): error TS2305: Module '"./stores/uiStore"' has no exported member 'ModalType'.
src/renderer/AppModals.tsx(20,5): error TS2339: Property 'activeModal' does not exist on type 'UIState'.
src/renderer/AppModals.tsx(21,5): error TS2339: Property 'modalProps' does not exist on type 'UIState'.
src/renderer/AppModals.tsx(27,5): error TS2339: Property 'selectedToolId' does not exist on type 'UIState'.
src/renderer/AppModals.tsx(59,28): error TS2339: Property 'closeModal' does not exist on type '{ openPreflightModal: () => void; closePreflightModal: () => void; openWelcomeModal: () => void; closeWelcomeModal: () => void; openMacroEditor: (index: number | null) => void; closeMacroEditor: () => void; ... 12 more ...; setReturnToWelcome: (shouldReturn: boolean) => void; }'.
src/renderer/AppModals.tsx(62,21): error TS2339: Property 'openModal' does not exist on type '{ openPreflightModal: () => void; closePreflightModal: () => void; openWelcomeModal: () => void; closeWelcomeModal: () => void; openMacroEditor: (index: number | null) => void; closeMacroEditor: () => void; ... 12 more ...; setReturnToWelcome: (shouldReturn: boolean) => void; }'.
src/renderer/AppModals.tsx(66,21): error TS2339: Property 'openModal' does not exist on type '{ openPreflightModal: () => void; closePreflightModal: () => void; openWelcomeModal: () => void; closeWelcomeModal: () => void; openMacroEditor: (index: number | null) => void; closeMacroEditor: () => void; ... 12 more ...; setReturnToWelcome: (shouldReturn: boolean) => void; }'.
src/renderer/AppModals.tsx(74,28): error TS2339: Property 'closeModal' does not exist on type '{ openPreflightModal: () => void; closePreflightModal: () => void; openWelcomeModal: () => void; closeWelcomeModal: () => void; openMacroEditor: (index: number | null) => void; closeMacroEditor: () => void; ... 12 more ...; setReturnToWelcome: (shouldReturn: boolean) => void; }'.
src/renderer/AppModals.tsx(78,29): error TS2339: Property 'closeModal' does not exist on type '{ openPreflightModal: () => void; closePreflightModal: () => void; openWelcomeModal: () => void; closeWelcomeModal: () => void; openMacroEditor: (index: number | null) => void; closeMacroEditor: () => void; ... 12 more ...; setReturnToWelcome: (shouldReturn: boolean) => void; }'.
src/renderer/AppModals.tsx(92,28): error TS2339: Property 'closeModal' does not exist on type '{ openPreflightModal: () => void; closePreflightModal: () => void; openWelcomeModal: () => void; closeWelcomeModal: () => void; openMacroEditor: (index: number | null) => void; closeMacroEditor: () => void; ... 12 more ...; setReturnToWelcome: (shouldReturn: boolean) => void; }'.
src/renderer/AppModals.tsx(95,21): error TS2339: Property 'closeModal' does not exist on type '{ openPreflightModal: () => void; closePreflightModal: () => void; openWelcomeModal: () => void; closeWelcomeModal: () => void; openMacroEditor: (index: number | null) => void; closeMacroEditor: () => void; ... 12 more ...; setReturnToWelcome: (shouldReturn: boolean) => void; }'.
src/renderer/AppModals.tsx(102,28): error TS2339: Property 'closeModal' does not exist on type '{ openPreflightModal: () => void; closePreflightModal: () => void; openWelcomeModal: () => void; closeWelcomeModal: () => void; openMacroEditor: (index: number | null) => void; closeMacroEditor: () => void; ... 12 more ...; setReturnToWelcome: (shouldReturn: boolean) => void; }'.
src/renderer/AppModals.tsx(108,29): error TS2339: Property 'closeModal' does not exist on type '{ openPreflightModal: () => void; closePreflightModal: () => void; openWelcomeModal: () => void; closeWelcomeModal: () => void; openMacroEditor: (index: number | null) => void; closeMacroEditor: () => void; ... 12 more ...; setReturnToWelcome: (shouldReturn: boolean) => void; }'.
src/renderer/AppModals.tsx(117,21): error TS2339: Property 'closeModal' does not exist on type '{ openPreflightModal: () => void; closePreflightModal: () => void; openWelcomeModal: () => void; closeWelcomeModal: () => void; openMacroEditor: (index: number | null) => void; closeMacroEditor: () => void; ... 12 more ...; setReturnToWelcome: (shouldReturn: boolean) => void; }'.
src/renderer/AppModals.tsx(119,23): error TS2339: Property 'openModal' does not exist on type '{ openPreflightModal: () => void; closePreflightModal: () => void; openWelcomeModal: () => void; closeWelcomeModal: () => void; openMacroEditor: (index: number | null) => void; closeMacroEditor: () => void; ... 12 more ...; setReturnToWelcome: (shouldReturn: boolean) => void; }'.
src/renderer/AppModals.tsx(139,21): error TS2339: Property 'closeModal' does not exist on type '{ openPreflightModal: () => void; closePreflightModal: () => void; openWelcomeModal: () => void; closeWelcomeModal: () => void; openMacroEditor: (index: number | null) => void; closeMacroEditor: () => void; ... 12 more ...; setReturnToWelcome: (shouldReturn: boolean) => void; }'.
src/renderer/AppModals.tsx(141,23): error TS2339: Property 'openModal' does not exist on type '{ openPreflightModal: () => void; closePreflightModal: () => void; openWelcomeModal: () => void; closeWelcomeModal: () => void; openMacroEditor: (index: number | null) => void; closeMacroEditor: () => void; ... 12 more ...; setReturnToWelcome: (shouldReturn: boolean) => void; }'.
src/renderer/AppModals.tsx(152,32): error TS2339: Property 'closeModal' does not exist on type '{ openPreflightModal: () => void; closePreflightModal: () => void; openWelcomeModal: () => void; closeWelcomeModal: () => void; openMacroEditor: (index: number | null) => void; closeMacroEditor: () => void; ... 12 more ...; setReturnToWelcome: (shouldReturn: boolean) => void; }'.
src/renderer/AppModals.tsx(155,25): error TS2339: Property 'closeModal' does not exist on type '{ openPreflightModal: () => void; closePreflightModal: () => void; openWelcomeModal: () => void; closeWelcomeModal: () => void; openMacroEditor: (index: number | null) => void; closeMacroEditor: () => void; ... 12 more ...; setReturnToWelcome: (shouldReturn: boolean) => void; }'.
src/renderer/AppModals.tsx(161,37): error TS2339: Property 'setSelectedToolId' does not exist on type '{ openPreflightModal: () => void; closePreflightModal: () => void; openWelcomeModal: () => void; closeWelcomeModal: () => void; openMacroEditor: (index: number | null) => void; closeMacroEditor: () => void; ... 12 more ...; setReturnToWelcome: (shouldReturn: boolean) => void; }'.
src/renderer/components/Console.tsx(152,16): error TS18048: 'log.timestamp' is possibly 'undefined'.
src/renderer/components/GCodeGeneratorModal.tsx(151,43): error TS7006: Parameter 'bounds' implicitly has an 'any' type.
src/renderer/components/GCodeGeneratorModal.tsx(212,15): error TS7034: Variable 'paths' implicitly has type 'any[]' in some locations where its type cannot be determined.
src/renderer/components/GCodeGeneratorModal.tsx(214,31): error TS7006: Parameter 'x' implicitly has an 'any' type.
src/renderer/components/GCodeGeneratorModal.tsx(214,34): error TS7006: Parameter 'y' implicitly has an 'any' type.
src/renderer/components/GCodeGeneratorModal.tsx(275,47): error TS2362: The left-hand side of an arithmetic operation must be of type 'any', 'number', 'bigint' or an enum type.
src/renderer/components/GCodeGeneratorModal.tsx(282,24): error TS7005: Variable 'paths' implicitly has an 'any[]' type.
src/renderer/components/GCodeGeneratorModal.tsx(332,15): error TS7034: Variable 'paths' implicitly has type 'any[]' in some locations where its type cannot be determined.
src/renderer/components/GCodeGeneratorModal.tsx(333,28): error TS2362: The left-hand side of an arithmetic operation must be of type 'any', 'number', 'bigint' or an enum type.
src/renderer/components/GCodeGeneratorModal.tsx(350,24): error TS7005: Variable 'paths' implicitly has an 'any[]' type.
src/renderer/components/GCodeGeneratorModal.tsx(392,28): error TS2362: The left-hand side of an arithmetic operation must be of type 'any', 'number', 'bigint' or an enum type.
src/renderer/components/GCodeGeneratorModal.tsx(393,30): error TS2362: The left-hand side of an arithmetic operation must be of type 'any', 'number', 'bigint' or an enum type.
src/renderer/components/GCodeGeneratorModal.tsx(484,28): error TS2362: The left-hand side of an arithmetic operation must be of type 'any', 'number', 'bigint' or an enum type.
src/renderer/components/GCodeGeneratorModal.tsx(485,30): error TS2362: The left-hand side of an arithmetic operation must be of type 'any', 'number', 'bigint' or an enum type.
src/renderer/components/GCodeGeneratorModal.tsx(558,13): error TS2365: Operator '<=' cannot be applied to types 'number' and 'string | number'.
src/renderer/components/GCodeGeneratorModal.tsx(561,35): error TS2365: Operator '<=' cannot be applied to types 'number' and 'string | number'.
src/renderer/components/GCodeGeneratorModal.tsx(593,15): error TS7034: Variable 'paths' implicitly has type 'any[]' in some locations where its type cannot be determined.
src/renderer/components/GCodeGeneratorModal.tsx(595,31): error TS7006: Parameter 'x' implicitly has an 'any' type.
src/renderer/components/GCodeGeneratorModal.tsx(595,34): error TS7006: Parameter 'y' implicitly has an 'any' type.
src/renderer/components/GCodeGeneratorModal.tsx(595,37): error TS7006: Parameter 'r' implicitly has an 'any' type.
src/renderer/components/GCodeGeneratorModal.tsx(603,50): error TS2363: The right-hand side of an arithmetic operation must be of type 'any', 'number', 'bigint' or an enum type.
src/renderer/components/GCodeGeneratorModal.tsx(650,24): error TS7005: Variable 'paths' implicitly has an 'any[]' type.
src/renderer/components/GCodeGeneratorModal.tsx(716,13): error TS2365: Operator '<=' cannot be applied to types 'number' and 'string | number'.
src/renderer/components/GCodeGeneratorModal.tsx(719,52): error TS2363: The right-hand side of an arithmetic operation must be of type 'any', 'number', 'bigint' or an enum type.
src/renderer/components/GCodeGeneratorModal.tsx(721,36): error TS2362: The left-hand side of an arithmetic operation must be of type 'any', 'number', 'bigint' or an enum type.
src/renderer/components/GCodeGeneratorModal.tsx(822,26): error TS7053: Element implicitly has an 'any' type because expression of type 'string' can't be used to index type '{ 'Sans-serif Stick': Font; 'Block Outline': Font; Script: Font; }'.
  No index signature with a parameter of type 'string' was found on type '{ 'Sans-serif Stick': Font; 'Block Outline': Font; Script: Font; }'.
src/renderer/components/GCodeGeneratorModal.tsx(890,53): error TS7006: Parameter 'p' implicitly has an 'any' type.
src/renderer/components/GCodeGeneratorModal.tsx(908,65): error TS7006: Parameter 'p' implicitly has an 'any' type.
src/renderer/components/GCodeGeneratorModal.tsx(947,13): error TS2365: Operator '>=' cannot be applied to types 'string | number' and 'number'.
src/renderer/components/GCodeGeneratorModal.tsx(981,45): error TS2363: The right-hand side of an arithmetic operation must be of type 'any', 'number', 'bigint' or an enum type.
src/renderer/components/GCodeGeneratorModal.tsx(984,27): error TS2365: Operator '+' cannot be applied to types 'number' and 'string | number'.
src/renderer/components/GCodeGeneratorModal.tsx(1030,44): error TS7006: Parameter 'singleOpResult' implicitly has an 'any' type.
src/renderer/components/GCodeGeneratorModal.tsx(1090,32): error TS7006: Parameter 'line' implicitly has an 'any' type.
src/renderer/components/GCodeGeneratorModal.tsx(1100,33): error TS7006: Parameter 'p' implicitly has an 'any' type.
src/renderer/components/GCodeGeneratorModal.tsx(1103,90): error TS7006: Parameter 'match' implicitly has an 'any' type.
src/renderer/components/GCodeGeneratorModal.tsx(1103,97): error TS7006: Parameter 'cmd' implicitly has an 'any' type.
src/renderer/components/GCodeGeneratorModal.tsx(1103,102): error TS7006: Parameter 'x' implicitly has an 'any' type.
src/renderer/components/GCodeGeneratorModal.tsx(1103,105): error TS7006: Parameter 'sep' implicitly has an 'any' type.
src/renderer/components/GCodeGeneratorModal.tsx(1103,110): error TS7006: Parameter 'y' implicitly has an 'any' type.
src/renderer/components/GCodeGeneratorModal.tsx(1148,27): error TS2322: Type 'any[]' is not assignable to type 'never[]'.
  Type 'any' is not assignable to type 'never'.
src/renderer/components/GCodeGeneratorModal.tsx(1156,25): error TS7006: Parameter 'factor' implicitly has an 'any' type.
src/renderer/components/GCodeGeneratorModal.tsx(1176,31): error TS7053: Element implicitly has an 'any' type because expression of type 'string' can't be used to index type 'GeneratorSettings'.
  No index signature with a parameter of type 'string' was found on type 'GeneratorSettings'.
src/renderer/components/GCodeGeneratorModal.tsx(1187,31): error TS7053: Element implicitly has an 'any' type because expression of type 'string' can't be used to index type 'GeneratorSettings'.
  No index signature with a parameter of type 'string' was found on type 'GeneratorSettings'.
src/renderer/components/GCodeGeneratorModal.tsx(1192,16): error TS7053: Element implicitly has an 'any' type because expression of type 'string' can't be used to index type 'GeneratorSettings'.
  No index signature with a parameter of type 'string' was found on type 'GeneratorSettings'.
src/renderer/components/GCodeGeneratorModal.tsx(1277,37): error TS2322: Type '{ params: DrillingParams; onParamsChange: (field: string, value: any) => void; toolLibrary: Tool[]; unit: "mm" | "in"; settings: MachineSettings; selectedToolId: number | null; onToolSelect: (id: number | null) => void; }' is not assignable to type 'IntrinsicAttributes & DrillingGeneratorProps'.
  Property 'settings' does not exist on type 'IntrinsicAttributes & DrillingGeneratorProps'.
src/renderer/components/GCodeLine.tsx(84,26): error TS2531: Object is possibly 'null'.
src/renderer/components/GCodeLine.tsx(85,32): error TS7053: Element implicitly has an 'any' type because expression of type 'string' can't be used to index type '{ G0: { name: string; desc: string; }; G1: { name: string; desc: string; }; G2: { name: string; desc: string; }; G3: { name: string; desc: string; }; G4: { name: string; desc: string; }; G10: { name: string; desc: string; }; ... 23 more ...; M30: { ...; }; }'.
  No index signature with a parameter of type 'string' was found on type '{ G0: { name: string; desc: string; }; G1: { name: string; desc: string; }; G2: { name: string; desc: string; }; G3: { name: string; desc: string; }; G4: { name: string; desc: string; }; G10: { name: string; desc: string; }; ... 23 more ...; M30: { ...; }; }'.
src/renderer/components/GCodeLine.tsx(97,32): error TS7053: Element implicitly has an 'any' type because expression of type 'string' can't be used to index type '{ X: string; Y: string; Z: string; F: string; S: string; I: string; J: string; P: string; T: string; }'.
  No index signature with a parameter of type 'string' was found on type '{ X: string; Y: string; Z: string; F: string; S: string; I: string; J: string; P: string; T: string; }'.
src/renderer/components/GCodePanel.tsx(181,47): error TS2448: Block-scoped variable 'currentLine' used before its declaration.
src/renderer/components/GCodePanel.tsx(181,47): error TS2454: Variable 'currentLine' is used before being assigned.
src/renderer/components/GCodeVisualizer.tsx(3,35): error TS2459: Module '"../../services/gcodeVisualizerWorker"' declares 'BoundingBox' locally, but it is not exported.
src/renderer/components/GCodeVisualizer.tsx(4,28): error TS2307: Cannot find module '../../services/gcodeParser' or its corresponding type declarations.
src/renderer/components/GCodeVisualizer.tsx(378,13): error TS18047: 'workerRef.current' is possibly 'null'.
src/renderer/components/GCodeVisualizer.tsx(650,9): error TS2741: Property 'toolCurrentPosition' is missing in type '{ camera: { target: number[]; distance: number; rotation: number[]; }; }' but required in type '{ camera: { target: number[]; distance: number; rotation: number[]; }; toolCurrentPosition: any; }'.
src/renderer/components/MacroEditorModal.tsx(43,74): error TS18047: 'macro' is possibly 'null'.
src/renderer/components/MacroEditorModal.tsx(44,22): error TS2345: Argument of type 'number | null' is not assignable to parameter of type 'number'.
  Type 'null' is not assignable to type 'number'.
src/renderer/components/SettingsModal.tsx(120,37): error TS7053: Element implicitly has an 'any' type because expression of type 'string' can't be used to index type '{ workArea: string[]; spindle: string[]; probe: string[]; }'.
  No index signature with a parameter of type 'string' was found on type '{ workArea: string[]; spindle: string[]; probe: string[]; }'.
src/renderer/components/SettingsModal.tsx(141,49): error TS18047: 'e.target' is possibly 'null'.
src/renderer/components/SettingsModal.tsx(150,9): error TS2322: Type 'null' is not assignable to type 'string'.
src/renderer/components/SettingsModal.tsx(225,56): error TS18047: 'importFileRef.current' is possibly 'null'.
src/renderer/components/ToolLibraryModal.tsx(32,25): error TS7006: Parameter 'tool' implicitly has an 'any' type.
src/renderer/components/ToolLibraryModal.tsx(60,27): error TS7006: Parameter 'toolId' implicitly has an 'any' type.
src/renderer/components/ToolLibraryModal.tsx(111,71): error TS2345: Argument of type '(prev: Omit<Tool, "id"> & { id: number | null; }) => { diameter: string; name: string; id: number | null; }' is not assignable to parameter of type 'SetStateAction<Omit<Tool, "id"> & { id: number | null; }>'.
  Type '(prev: Omit<Tool, "id"> & { id: number | null; }) => { diameter: string; name: string; id: number | null; }' is not assignable to type '(prevState: Omit<Tool, "id"> & { id: number | null; }) => Omit<Tool, "id"> & { id: number | null; }'.
    Type '{ diameter: string; name: string; id: number | null; }' is not assignable to type 'Omit<Tool, "id"> & { id: number | null; }'.
      Type '{ diameter: string; name: string; id: number | null; }' is not assignable to type 'Omit<Tool, "id">'.
        Types of property 'diameter' are incompatible.
          Type 'string' is not assignable to type 'number | ""'.
src/renderer/components/Tour.tsx(2,31): error TS2307: Cannot find module 'react-joyride' or its corresponding type declarations.
src/renderer/controllers/GrblController.ts(25,9): error TS2322: Type 'null' is not assignable to type 'number | undefined'.
src/renderer/controllers/GrblController.ts(63,17): error TS2322: Type 'null' is not assignable to type 'number | undefined'.
src/renderer/controllers/LinuxCNCController.ts(36,9): error TS2322: Type 'null' is not assignable to type 'number | undefined'.
src/renderer/controllers/LinuxCNCController.ts(84,17): error TS2322: Type 'null' is not assignable to type 'number | undefined'.
src/renderer/controllers/MarlinController.ts(31,9): error TS2322: Type 'null' is not assignable to type 'number | undefined'.
src/renderer/controllers/MarlinController.ts(78,17): error TS2322: Type 'null' is not assignable to type 'number | undefined'.
src/renderer/controllers/TinyGController.ts(27,9): error TS2322: Type 'null' is not assignable to type 'number | undefined'.
src/renderer/controllers/TinyGController.ts(75,17): error TS2322: Type 'null' is not assignable to type 'number | undefined'.
src/renderer/services/grblParser.ts(8,107): error TS2322: Type 'null' is not assignable to type 'number'.
src/renderer/services/grblParser.ts(45,9): error TS2322: Type 'string' is not assignable to type '"Idle" | "Run" | "Hold" | "Jog" | "Alarm" | "Door" | "Check" | "Home" | "Sleep"'.
src/renderer/services/grblParser.ts(46,9): error TS2322: Type 'number | null' is not assignable to type 'number'.
  Type 'null' is not assignable to type 'number'.
src/renderer/services/serialService.ts(33,36): error TS2345: Argument of type 'number | undefined' is not assignable to parameter of type 'number'.
  Type 'undefined' is not assignable to type 'number'.
src/renderer/services/serialService.ts(35,36): error TS2345: Argument of type 'string | undefined' is not assignable to parameter of type 'string'.
  Type 'undefined' is not assignable to type 'string'.
src/renderer/services/simulators/GrblSimulator.ts(20,9): error TS2322: Type 'null' is not assignable to type 'number | undefined'.
src/renderer/services/simulators/GrblSimulator.ts(132,17): error TS2322: Type 'null' is not assignable to type 'number | undefined'.
src/renderer/SharedControls.tsx(2,22): error TS2307: Cannot find module '../types' or its corresponding type declarations.
src/renderer/stores/connectionStore.ts(83,45): error TS2554: Expected 1 arguments, but got 2.
src/services/gcodeAnalysisWorker.ts(4,19): error TS7006: Parameter 'gcodeLine' implicitly has an 'any' type.
src/services/gcodeAnalysisWorker.ts(4,30): error TS7006: Parameter 'param' implicitly has an 'any' type.
src/services/gcodeAnalysisWorker.ts(12,23): error TS7006: Parameter 'gcodeLines' implicitly has an 'any' type.
src/services/gcodeAnalysisWorker.ts(12,35): error TS7006: Parameter 'settings' implicitly has an 'any' type.
src/services/gcodeAnalysisWorker.ts(13,11): error TS7034: Variable 'warnings' implicitly has type 'any[]' in some locations where its type cannot be determined.
src/services/gcodeAnalysisWorker.ts(16,16): error TS7005: Variable 'warnings' implicitly has an 'any[]' type.
src/services/gcodeAnalysisWorker.ts(48,24): error TS7006: Parameter 'line' implicitly has an 'any' type.
src/services/gcodeVisualizerWorker.ts(339,12): error TS2769: No overload matches this call.
  Overload 1 of 2, '(message: any, targetOrigin: string, transfer?: Transferable[] | undefined): void', gave the following error.
    Argument of type '(ArrayBufferLike | null)[]' is not assignable to parameter of type 'string'.
  Overload 2 of 2, '(message: any, options?: WindowPostMessageOptions | undefined): void', gave the following error.
    Type '(ArrayBufferLike | null)[]' has no properties in common with type 'WindowPostMessageOptions'.
src/services/gcodeVisualizerWorker.ts(375,12): error TS2769: No overload matches this call.
  Overload 1 of 2, '(message: any, targetOrigin: string, transfer?: Transferable[] | undefined): void', gave the following error.
    Argument of type 'Transferable[]' is not assignable to parameter of type 'string'.
  Overload 2 of 2, '(message: any, options?: WindowPostMessageOptions | undefined): void', gave the following error.
    Type 'Transferable[]' has no properties in common with type 'WindowPostMessageOptions'.
